[17:18:39] [INFO] Running REST-JSON API server at '127.0.0.1:8522'..
[17:18:39] [INFO] Admin ID: 90f3de8e5d6386278d11ec329260d6b9
[17:18:39] [DEBUG] IPC database: c:\users\myth1_~1\appdata\local\temp\sqlmapipc-mfupop
[17:18:39] [DEBUG] REST-JSON API server connected to IPC database
[17:18:42] [DEBUG] Created new task: '7b13a0fd1e9eec2f'
[17:18:42] [DEBUG] Created new task: '7b6a65d90864f750'
[17:18:42] [DEBUG] [7b13a0fd1e9eec2f] Started scan
[17:18:42] [DEBUG] [7b6a65d90864f750] Started scan
[17:18:42] [DEBUG] [7b13a0fd1e9eec2f] Retrieved scan status
[17:18:42] [DEBUG] [7b6a65d90864f750] Retrieved scan status
[17:18:44] [DEBUG] [7b13a0fd1e9eec2f] Retrieved scan status
[17:18:44] [DEBUG] [7b6a65d90864f750] Retrieved scan status
[17:18:46] [DEBUG] [7b13a0fd1e9eec2f] Retrieved scan status
[17:18:46] [DEBUG] [7b6a65d90864f750] Retrieved scan status
[17:18:48] [DEBUG] [7b13a0fd1e9eec2f] Retrieved scan status
[17:18:48] [DEBUG] [7b13a0fd1e9eec2f] Retrieved scan data and error messages
[17:18:48] [DEBUG] [7b6a65d90864f750] Retrieved scan status
[17:18:48] [DEBUG] [7b13a0fd1e9eec2f] Deleted task
[17:18:51] [DEBUG] Created new task: 'f707e1bb08f2a213'
[17:18:51] [DEBUG] [7b6a65d90864f750] Retrieved scan status
[17:18:51] [DEBUG] [f707e1bb08f2a213] Started scan
[17:18:51] [DEBUG] [f707e1bb08f2a213] Retrieved scan status
[17:18:53] [DEBUG] [7b6a65d90864f750] Retrieved scan status
[17:18:53] [DEBUG] [f707e1bb08f2a213] Retrieved scan status
[17:18:55] [DEBUG] [7b6a65d90864f750] Retrieved scan status
[17:18:55] [DEBUG] [7b6a65d90864f750] Retrieved scan data and error messages
[17:18:55] [DEBUG] [7b6a65d90864f750] Deleted task
[17:18:55] [DEBUG] [f707e1bb08f2a213] Retrieved scan status
[17:18:57] [DEBUG] [f707e1bb08f2a213] Retrieved scan status
[17:18:59] [DEBUG] [f707e1bb08f2a213] Retrieved scan status
[17:18:59] [DEBUG] [f707e1bb08f2a213] Retrieved scan data and error messages
[17:18:59] [DEBUG] [f707e1bb08f2a213] Deleted task
